Arguments: 
  /Users/leventince/.nvm/versions/node/v10.11.0/bin/node /Users/leventince/.dev/yarn/1.12.3/bin/yarn.js check --integrity

PATH: 
  /Users/leventince/.nvm/versions/node/v10.11.0/bin:/Users/leventince/.dev/yarn/1.12.3/bin:/Users/leventince/.gem/ruby/2.6.3/bin:/opt/rubies/2.6.3/lib/ruby/gems/2.6.0/bin:/opt/rubies/2.6.3/bin:/Users/leventince/.nix-profile/bin:/opt/dev/bin/user:/Users/leventince/.nix-profile/bin:/usr/local/bin:/usr/bin:/bin:/usr/sbin:/sbin

Yarn version: 
  1.12.3

Node version: 
  10.11.0

Platform: 
  darwin x64

Trace: 
  TypeError: Cannot read property '@rails/ujs@^6.0.0-alpha' of undefined
      at /Users/leventince/.dev/yarn/1.12.3/lib/cli.js:47143:25
      at Array.filter (<anonymous>)
      at InstallationIntegrityChecker.<anonymous> (/Users/leventince/.dev/yarn/1.12.3/lib/cli.js:47142:38)
      at Generator.next (<anonymous>)
      at step (/Users/leventince/.dev/yarn/1.12.3/lib/cli.js:304:30)
      at /Users/leventince/.dev/yarn/1.12.3/lib/cli.js:322:14
      at new Promise (<anonymous>)
      at new F (/Users/leventince/.dev/yarn/1.12.3/lib/cli.js:5228:28)
      at InstallationIntegrityChecker.<anonymous> (/Users/leventince/.dev/yarn/1.12.3/lib/cli.js:301:12)
      at InstallationIntegrityChecker.check (/Users/leventince/.dev/yarn/1.12.3/lib/cli.js:47191:21)

npm manifest: 
  {
    "name": "depot",
    "private": true,
    "dependencies": {
      "@rails/ujs": "^6.0.0-alpha",
      "turbolinks": "^5.2.0",
      "@rails/activestorage": "^6.0.0-alpha",
      "@rails/actioncable": "^6.0.0-alpha"
    },
    "version": "0.1.0"
  }

yarn manifest: 
  No manifest

Lockfile: 
  No lockfile
